<?xml version="1.0" encoding="UTF-8"?>
<!-- Generated by org.testng.reporters.JUnitXMLReporter -->
<testsuite ignored="0" hostname="TYSS-Piyush-Baldaniya" failures="0" tests="5" name="Default test" time="2.274" errors="0" timestamp="2025-10-30T14:58:59 IST">
  <testcase classname="advance_reports.SauceDemo" name="login1" time="0.014"/>
  <testcase classname="advance_reports.SauceDemo" name="login2" time="0.003"/>
  <testcase classname="advance_reports.SauceDemo" name="login3" time="0.003"/>
  <testcase classname="advance_reports.SauceDemo" name="login4" time="0.003"/>
  <testcase classname="advance_reports.SauceDemo" name="takeSS" time="2.202"/>
</testsuite> <!-- Default test -->
