<?xml version="1.0" encoding="UTF-8"?>
<!-- Generated by org.testng.reporters.JUnitXMLReporter -->
<testsuite ignored="1" hostname="TYSS-Piyush-Baldaniya" failures="0" tests="3" name="SmokeTest" time="19.564" errors="0" timestamp="2025-10-11T13:06:37 IST">
  <testcase classname="types_of_execution.Demo1" name="case1" time="6.95"/>
  <testcase classname="types_of_execution.Demo2" name="case2" time="6.292"/>
  <testcase classname="types_of_execution.Demo3" name="case3" time="6.261"/>
  <testcase classname="types_of_execution.Demo1" name="case101" time="0.0">
    <ignored/>
  </testcase> <!-- case101 -->
</testsuite> <!-- SmokeTest -->
