<?xml version="1.0" encoding="UTF-8"?>
<!-- Generated by org.testng.reporters.JUnitXMLReporter -->
<testsuite ignored="2" hostname="TYSS-Piyush-Baldaniya" failures="0" tests="4" name="Test" time="9.55" errors="0" timestamp="2025-10-14T14:39:58 IST">
  <testcase classname="types_of_execution.Demo6" name="case601" time="2.819"/>
  <testcase classname="types_of_execution.Demo6" name="case61" time="2.191"/>
  <testcase classname="types_of_execution.Demo7" name="case701" time="2.253"/>
  <testcase classname="types_of_execution.Demo7" name="case71" time="2.237"/>
  <testcase classname="types_of_execution.Demo7" name="case7" time="0.0">
    <ignored/>
  </testcase> <!-- case7 -->
  <testcase classname="types_of_execution.Demo6" name="case6" time="0.0">
    <ignored/>
  </testcase> <!-- case6 -->
</testsuite> <!-- Test -->
