<?xml version="1.0" encoding="UTF-8"?>
<testng-results ignored="0" total="1" passed="1" failed="0" skipped="0">
  <reporter-output>
  </reporter-output>
  <suite started-at="2025-10-10T15:27:28 IST" name="Default suite" finished-at="2025-10-10T15:27:28 IST" duration-ms="45">
    <groups>
    </groups>
    <test started-at="2025-10-10T15:27:28 IST" name="Default test" finished-at="2025-10-10T15:27:28 IST" duration-ms="45">
      <class name="dp_extra.ArrayCheck">
        <test-method signature="singleDimension()[pri:0, instance:dp_extra.ArrayCheck@3754a4bf]" started-at="2025-10-10T15:27:28 IST" name="singleDimension" finished-at="2025-10-10T15:27:28 IST" duration-ms="8" status="PASS">
          <reporter-output>
          </reporter-output>
        </test-method> <!-- singleDimension -->
      </class> <!-- dp_extra.ArrayCheck -->
    </test> <!-- Default test -->
  </suite> <!-- Default suite -->
</testng-results>
