<?xml version="1.0" encoding="UTF-8"?>
<testng-results ignored="0" total="1" passed="1" failed="0" skipped="0">
  <reporter-output>
  </reporter-output>
  <suite started-at="2025-10-14T15:21:37 IST" name="Default suite" finished-at="2025-10-14T15:21:37 IST" duration-ms="96">
    <groups>
    </groups>
    <test started-at="2025-10-14T15:21:37 IST" name="Default test" finished-at="2025-10-14T15:21:37 IST" duration-ms="96">
      <class name="config_ann_extra.OrgTest">
        <test-method is-config="true" signature="openBro()[pri:0, instance:config_ann_extra.OrgTest@4e08711f]" started-at="2025-10-14T15:21:37 IST" name="openBro" finished-at="2025-10-14T15:21:37 IST" duration-ms="18" status="PASS">
          <reporter-output>
          </reporter-output>
        </test-method> <!-- openBro -->
        <test-method is-config="true" signature="login()[pri:0, instance:config_ann_extra.OrgTest@4e08711f]" started-at="2025-10-14T15:21:37 IST" name="login" finished-at="2025-10-14T15:21:37 IST" duration-ms="0" status="PASS">
          <reporter-output>
          </reporter-output>
        </test-method> <!-- login -->
        <test-method signature="createOrgTest()[pri:0, instance:config_ann_extra.OrgTest@4e08711f]" started-at="2025-10-14T15:21:37 IST" name="createOrgTest" finished-at="2025-10-14T15:21:37 IST" duration-ms="11" status="PASS">
          <reporter-output>
          </reporter-output>
        </test-method> <!-- createOrgTest -->
        <test-method is-config="true" signature="logout()[pri:0, instance:config_ann_extra.OrgTest@4e08711f]" started-at="2025-10-14T15:21:37 IST" name="logout" finished-at="2025-10-14T15:21:37 IST" duration-ms="1" status="PASS">
          <reporter-output>
          </reporter-output>
        </test-method> <!-- logout -->
        <test-method is-config="true" signature="closeBro()[pri:0, instance:config_ann_extra.OrgTest@4e08711f]" started-at="2025-10-14T15:21:37 IST" name="closeBro" finished-at="2025-10-14T15:21:37 IST" duration-ms="1" status="PASS">
          <reporter-output>
          </reporter-output>
        </test-method> <!-- closeBro -->
      </class> <!-- config_ann_extra.OrgTest -->
    </test> <!-- Default test -->
  </suite> <!-- Default suite -->
</testng-results>
