<?xml version="1.0" encoding="UTF-8"?>
<!-- Generated by org.testng.reporters.JUnitXMLReporter -->
<testsuite ignored="2" hostname="TYSS-Piyush-Baldaniya" failures="0" tests="1" name="Default test(failed)" time="3.001" errors="0" timestamp="2025-10-28T14:52:36 IST">
  <testcase classname="types_of_execution.Demo2" name="case22" time="2.942"/>
  <testcase classname="types_of_execution.Demo2" name="case20" time="0.0">
    <ignored/>
  </testcase> <!-- case20 -->
  <testcase classname="types_of_execution.Demo2" name="case21" time="0.0">
    <ignored/>
  </testcase> <!-- case21 -->
</testsuite> <!-- Default test(failed) -->
